2016-09-08 21:12:45.286 [main] INFO  org.springframework.web.context.ContextLoader - Root WebApplicationContext: initialization started
2016-09-08 21:12:45.349 [main] INFO  o.s.web.context.support.XmlWebApplicationContext - Refreshing Root WebApplicationContext: startup date [Thu Sep 08 21:12:45 CST 2016]; root of context hierarchy
2016-09-08 21:12:45.376 [main] INFO  o.s.beans.factory.xml.XmlBeanDefinitionReader - Loading XML bean definitions from class path resource [spring/root-context.xml]
2016-09-08 21:12:45.378 [main] ERROR org.springframework.web.context.ContextLoader - Context initialization failed
org.springframework.beans.factory.BeanDefinitionStoreException: IOException parsing XML document from class path resource [spring/root-context.xml]; nested exception is java.io.FileNotFoundException: class path resource [spring/root-context.xml] cannot be opened because it does not exist
	at org.springframework.beans.factory.xml.XmlBeanDefinitionReader.loadBeanDefinitions(XmlBeanDefinitionReader.java:344)
	at org.springframework.beans.factory.xml.XmlBeanDefinitionReader.loadBeanDefinitions(XmlBeanDefinitionReader.java:304)
	at org.springframework.beans.factory.support.AbstractBeanDefinitionReader.loadBeanDefinitions(AbstractBeanDefinitionReader.java:181)
	at org.springframework.beans.factory.support.AbstractBeanDefinitionReader.loadBeanDefinitions(AbstractBeanDefinitionReader.java:217)
	at org.springframework.beans.factory.support.AbstractBeanDefinitionReader.loadBeanDefinitions(AbstractBeanDefinitionReader.java:188)
	at org.springframework.web.context.support.XmlWebApplicationContext.loadBeanDefinitions(XmlWebApplicationContext.java:125)
	at org.springframework.web.context.support.XmlWebApplicationContext.loadBeanDefinitions(XmlWebApplicationContext.java:94)
	at org.springframework.context.support.AbstractRefreshableApplicationContext.refreshBeanFactory(AbstractRefreshableApplicationContext.java:129)
	at org.springframework.context.support.AbstractApplicationContext.obtainFreshBeanFactory(AbstractApplicationContext.java:609)
	at org.springframework.context.support.AbstractApplicationContext.refresh(AbstractApplicationContext.java:510)
	at org.springframework.web.context.ContextLoader.configureAndRefreshWebApplicationContext(ContextLoader.java:444)
	at org.springframework.web.context.ContextLoader.initWebApplicationContext(ContextLoader.java:326)
	at org.springframework.web.context.ContextLoaderListener.contextInitialized(ContextLoaderListener.java:107)
	at org.eclipse.jetty.server.handler.ContextHandler.callContextInitialized(ContextHandler.java:800)
	at org.eclipse.jetty.servlet.ServletContextHandler.callContextInitialized(ServletContextHandler.java:444)
	at org.eclipse.jetty.server.handler.ContextHandler.startContext(ContextHandler.java:791)
	at org.eclipse.jetty.servlet.ServletContextHandler.startContext(ServletContextHandler.java:294)
	at org.eclipse.jetty.webapp.WebAppContext.startWebapp(WebAppContext.java:1349)
	at org.eclipse.jetty.maven.plugin.JettyWebAppContext.startWebapp(JettyWebAppContext.java:323)
	at org.eclipse.jetty.webapp.WebAppContext.startContext(WebAppContext.java:1342)
	at org.eclipse.jetty.server.handler.ContextHandler.doStart(ContextHandler.java:741)
	at org.eclipse.jetty.webapp.WebAppContext.doStart(WebAppContext.java:505)
	at org.eclipse.jetty.maven.plugin.JettyWebAppContext.doStart(JettyWebAppContext.java:398)
	at org.eclipse.jetty.util.component.AbstractLifeCycle.start(AbstractLifeCycle.java:68)
	at org.eclipse.jetty.util.component.ContainerLifeCycle.start(ContainerLifeCycle.java:132)
	at org.eclipse.jetty.util.component.ContainerLifeCycle.doStart(ContainerLifeCycle.java:114)
	at org.eclipse.jetty.server.handler.AbstractHandler.doStart(AbstractHandler.java:61)
	at org.eclipse.jetty.server.handler.ContextHandlerCollection.doStart(ContextHandlerCollection.java:163)
	at org.eclipse.jetty.util.component.AbstractLifeCycle.start(AbstractLifeCycle.java:68)
	at org.eclipse.jetty.util.component.ContainerLifeCycle.start(ContainerLifeCycle.java:132)
	at org.eclipse.jetty.util.component.ContainerLifeCycle.doStart(ContainerLifeCycle.java:114)
	at org.eclipse.jetty.server.handler.AbstractHandler.doStart(AbstractHandler.java:61)
	at org.eclipse.jetty.util.component.AbstractLifeCycle.start(AbstractLifeCycle.java:68)
	at org.eclipse.jetty.util.component.ContainerLifeCycle.start(ContainerLifeCycle.java:132)
	at org.eclipse.jetty.server.Server.start(Server.java:387)
	at org.eclipse.jetty.util.component.ContainerLifeCycle.doStart(ContainerLifeCycle.java:114)
	at org.eclipse.jetty.server.handler.AbstractHandler.doStart(AbstractHandler.java:61)
	at org.eclipse.jetty.server.Server.doStart(Server.java:354)
	at org.eclipse.jetty.util.component.AbstractLifeCycle.start(AbstractLifeCycle.java:68)
	at org.eclipse.jetty.maven.plugin.AbstractJettyMojo.startJetty(AbstractJettyMojo.java:460)
	at org.eclipse.jetty.maven.plugin.AbstractJettyMojo.execute(AbstractJettyMojo.java:328)
	at org.eclipse.jetty.maven.plugin.JettyRunMojo.execute(JettyRunMojo.java:170)
	at org.apache.maven.plugin.DefaultBuildPluginManager.executeMojo(DefaultBuildPluginManager.java:134)
	at org.apache.maven.lifecycle.internal.MojoExecutor.execute(MojoExecutor.java:207)
	at org.apache.maven.lifecycle.internal.MojoExecutor.execute(MojoExecutor.java:153)
	at org.apache.maven.lifecycle.internal.MojoExecutor.execute(MojoExecutor.java:145)
	at org.apache.maven.lifecycle.internal.LifecycleModuleBuilder.buildProject(LifecycleModuleBuilder.java:116)
	at org.apache.maven.lifecycle.internal.LifecycleModuleBuilder.buildProject(LifecycleModuleBuilder.java:80)
	at org.apache.maven.lifecycle.internal.builder.singlethreaded.SingleThreadedBuilder.build(SingleThreadedBuilder.java:51)
	at org.apache.maven.lifecycle.internal.LifecycleStarter.execute(LifecycleStarter.java:128)
	at org.apache.maven.DefaultMaven.doExecute(DefaultMaven.java:307)
	at org.apache.maven.DefaultMaven.doExecute(DefaultMaven.java:193)
	at org.apache.maven.DefaultMaven.execute(DefaultMaven.java:106)
	at org.apache.maven.cli.MavenCli.execute(MavenCli.java:863)
	at org.apache.maven.cli.MavenCli.doMain(MavenCli.java:288)
	at org.apache.maven.cli.MavenCli.main(MavenCli.java:199)
	at sun.reflect.NativeMethodAccessorImpl.invoke0(Native Method)
	at sun.reflect.NativeMethodAccessorImpl.invoke(NativeMethodAccessorImpl.java:62)
	at sun.reflect.DelegatingMethodAccessorImpl.invoke(DelegatingMethodAccessorImpl.java:43)
	at java.lang.reflect.Method.invoke(Method.java:483)
	at org.codehaus.plexus.classworlds.launcher.Launcher.launchEnhanced(Launcher.java:289)
	at org.codehaus.plexus.classworlds.launcher.Launcher.launch(Launcher.java:229)
	at org.codehaus.plexus.classworlds.launcher.Launcher.mainWithExitCode(Launcher.java:415)
	at org.codehaus.plexus.classworlds.launcher.Launcher.main(Launcher.java:356)
	at org.codehaus.classworlds.Launcher.main(Launcher.java:47)
	at sun.reflect.NativeMethodAccessorImpl.invoke0(Native Method)
	at sun.reflect.NativeMethodAccessorImpl.invoke(NativeMethodAccessorImpl.java:62)
	at sun.reflect.DelegatingMethodAccessorImpl.invoke(DelegatingMethodAccessorImpl.java:43)
	at java.lang.reflect.Method.invoke(Method.java:483)
	at com.intellij.rt.execution.application.AppMain.main(AppMain.java:147)
Caused by: java.io.FileNotFoundException: class path resource [spring/root-context.xml] cannot be opened because it does not exist
	at org.springframework.core.io.ClassPathResource.getInputStream(ClassPathResource.java:172)
	at org.springframework.beans.factory.xml.XmlBeanDefinitionReader.loadBeanDefinitions(XmlBeanDefinitionReader.java:330)
	... 69 common frames omitted
2016-09-08 21:14:31.996 [main] INFO  org.springframework.web.context.ContextLoader - Root WebApplicationContext: initialization started
2016-09-08 21:14:32.073 [main] INFO  o.s.web.context.support.XmlWebApplicationContext - Refreshing Root WebApplicationContext: startup date [Thu Sep 08 21:14:32 CST 2016]; root of context hierarchy
2016-09-08 21:14:32.110 [main] INFO  o.s.beans.factory.xml.XmlBeanDefinitionReader - Loading XML bean definitions from class path resource [spring/root-context.xml]
2016-09-08 21:14:32.113 [main] ERROR org.springframework.web.context.ContextLoader - Context initialization failed
org.springframework.beans.factory.BeanDefinitionStoreException: IOException parsing XML document from class path resource [spring/root-context.xml]; nested exception is java.io.FileNotFoundException: class path resource [spring/root-context.xml] cannot be opened because it does not exist
	at org.springframework.beans.factory.xml.XmlBeanDefinitionReader.loadBeanDefinitions(XmlBeanDefinitionReader.java:344)
	at org.springframework.beans.factory.xml.XmlBeanDefinitionReader.loadBeanDefinitions(XmlBeanDefinitionReader.java:304)
	at org.springframework.beans.factory.support.AbstractBeanDefinitionReader.loadBeanDefinitions(AbstractBeanDefinitionReader.java:181)
	at org.springframework.beans.factory.support.AbstractBeanDefinitionReader.loadBeanDefinitions(AbstractBeanDefinitionReader.java:217)
	at org.springframework.beans.factory.support.AbstractBeanDefinitionReader.loadBeanDefinitions(AbstractBeanDefinitionReader.java:188)
	at org.springframework.web.context.support.XmlWebApplicationContext.loadBeanDefinitions(XmlWebApplicationContext.java:125)
	at org.springframework.web.context.support.XmlWebApplicationContext.loadBeanDefinitions(XmlWebApplicationContext.java:94)
	at org.springframework.context.support.AbstractRefreshableApplicationContext.refreshBeanFactory(AbstractRefreshableApplicationContext.java:129)
	at org.springframework.context.support.AbstractApplicationContext.obtainFreshBeanFactory(AbstractApplicationContext.java:609)
	at org.springframework.context.support.AbstractApplicationContext.refresh(AbstractApplicationContext.java:510)
	at org.springframework.web.context.ContextLoader.configureAndRefreshWebApplicationContext(ContextLoader.java:444)
	at org.springframework.web.context.ContextLoader.initWebApplicationContext(ContextLoader.java:326)
	at org.springframework.web.context.ContextLoaderListener.contextInitialized(ContextLoaderListener.java:107)
	at org.eclipse.jetty.server.handler.ContextHandler.callContextInitialized(ContextHandler.java:800)
	at org.eclipse.jetty.servlet.ServletContextHandler.callContextInitialized(ServletContextHandler.java:444)
	at org.eclipse.jetty.server.handler.ContextHandler.startContext(ContextHandler.java:791)
	at org.eclipse.jetty.servlet.ServletContextHandler.startContext(ServletContextHandler.java:294)
	at org.eclipse.jetty.webapp.WebAppContext.startWebapp(WebAppContext.java:1349)
	at org.eclipse.jetty.maven.plugin.JettyWebAppContext.startWebapp(JettyWebAppContext.java:323)
	at org.eclipse.jetty.webapp.WebAppContext.startContext(WebAppContext.java:1342)
	at org.eclipse.jetty.server.handler.ContextHandler.doStart(ContextHandler.java:741)
	at org.eclipse.jetty.webapp.WebAppContext.doStart(WebAppContext.java:505)
	at org.eclipse.jetty.maven.plugin.JettyWebAppContext.doStart(JettyWebAppContext.java:398)
	at org.eclipse.jetty.util.component.AbstractLifeCycle.start(AbstractLifeCycle.java:68)
	at org.eclipse.jetty.util.component.ContainerLifeCycle.start(ContainerLifeCycle.java:132)
	at org.eclipse.jetty.util.component.ContainerLifeCycle.doStart(ContainerLifeCycle.java:114)
	at org.eclipse.jetty.server.handler.AbstractHandler.doStart(AbstractHandler.java:61)
	at org.eclipse.jetty.server.handler.ContextHandlerCollection.doStart(ContextHandlerCollection.java:163)
	at org.eclipse.jetty.util.component.AbstractLifeCycle.start(AbstractLifeCycle.java:68)
	at org.eclipse.jetty.util.component.ContainerLifeCycle.start(ContainerLifeCycle.java:132)
	at org.eclipse.jetty.util.component.ContainerLifeCycle.doStart(ContainerLifeCycle.java:114)
	at org.eclipse.jetty.server.handler.AbstractHandler.doStart(AbstractHandler.java:61)
	at org.eclipse.jetty.util.component.AbstractLifeCycle.start(AbstractLifeCycle.java:68)
	at org.eclipse.jetty.util.component.ContainerLifeCycle.start(ContainerLifeCycle.java:132)
	at org.eclipse.jetty.server.Server.start(Server.java:387)
	at org.eclipse.jetty.util.component.ContainerLifeCycle.doStart(ContainerLifeCycle.java:114)
	at org.eclipse.jetty.server.handler.AbstractHandler.doStart(AbstractHandler.java:61)
	at org.eclipse.jetty.server.Server.doStart(Server.java:354)
	at org.eclipse.jetty.util.component.AbstractLifeCycle.start(AbstractLifeCycle.java:68)
	at org.eclipse.jetty.maven.plugin.AbstractJettyMojo.startJetty(AbstractJettyMojo.java:460)
	at org.eclipse.jetty.maven.plugin.AbstractJettyMojo.execute(AbstractJettyMojo.java:328)
	at org.eclipse.jetty.maven.plugin.JettyRunMojo.execute(JettyRunMojo.java:170)
	at org.apache.maven.plugin.DefaultBuildPluginManager.executeMojo(DefaultBuildPluginManager.java:134)
	at org.apache.maven.lifecycle.internal.MojoExecutor.execute(MojoExecutor.java:207)
	at org.apache.maven.lifecycle.internal.MojoExecutor.execute(MojoExecutor.java:153)
	at org.apache.maven.lifecycle.internal.MojoExecutor.execute(MojoExecutor.java:145)
	at org.apache.maven.lifecycle.internal.LifecycleModuleBuilder.buildProject(LifecycleModuleBuilder.java:116)
	at org.apache.maven.lifecycle.internal.LifecycleModuleBuilder.buildProject(LifecycleModuleBuilder.java:80)
	at org.apache.maven.lifecycle.internal.builder.singlethreaded.SingleThreadedBuilder.build(SingleThreadedBuilder.java:51)
	at org.apache.maven.lifecycle.internal.LifecycleStarter.execute(LifecycleStarter.java:128)
	at org.apache.maven.DefaultMaven.doExecute(DefaultMaven.java:307)
	at org.apache.maven.DefaultMaven.doExecute(DefaultMaven.java:193)
	at org.apache.maven.DefaultMaven.execute(DefaultMaven.java:106)
	at org.apache.maven.cli.MavenCli.execute(MavenCli.java:863)
	at org.apache.maven.cli.MavenCli.doMain(MavenCli.java:288)
	at org.apache.maven.cli.MavenCli.main(MavenCli.java:199)
	at sun.reflect.NativeMethodAccessorImpl.invoke0(Native Method)
	at sun.reflect.NativeMethodAccessorImpl.invoke(NativeMethodAccessorImpl.java:62)
	at sun.reflect.DelegatingMethodAccessorImpl.invoke(DelegatingMethodAccessorImpl.java:43)
	at java.lang.reflect.Method.invoke(Method.java:483)
	at org.codehaus.plexus.classworlds.launcher.Launcher.launchEnhanced(Launcher.java:289)
	at org.codehaus.plexus.classworlds.launcher.Launcher.launch(Launcher.java:229)
	at org.codehaus.plexus.classworlds.launcher.Launcher.mainWithExitCode(Launcher.java:415)
	at org.codehaus.plexus.classworlds.launcher.Launcher.main(Launcher.java:356)
	at org.codehaus.classworlds.Launcher.main(Launcher.java:47)
	at sun.reflect.NativeMethodAccessorImpl.invoke0(Native Method)
	at sun.reflect.NativeMethodAccessorImpl.invoke(NativeMethodAccessorImpl.java:62)
	at sun.reflect.DelegatingMethodAccessorImpl.invoke(DelegatingMethodAccessorImpl.java:43)
	at java.lang.reflect.Method.invoke(Method.java:483)
	at com.intellij.rt.execution.application.AppMain.main(AppMain.java:147)
Caused by: java.io.FileNotFoundException: class path resource [spring/root-context.xml] cannot be opened because it does not exist
	at org.springframework.core.io.ClassPathResource.getInputStream(ClassPathResource.java:172)
	at org.springframework.beans.factory.xml.XmlBeanDefinitionReader.loadBeanDefinitions(XmlBeanDefinitionReader.java:330)
	... 69 common frames omitted
2016-09-08 21:17:24.059 [main] INFO  org.springframework.web.context.ContextLoader - Root WebApplicationContext: initialization started
2016-09-08 21:17:24.140 [main] INFO  o.s.web.context.support.XmlWebApplicationContext - Refreshing Root WebApplicationContext: startup date [Thu Sep 08 21:17:24 CST 2016]; root of context hierarchy
2016-09-08 21:17:24.176 [main] INFO  o.s.beans.factory.xml.XmlBeanDefinitionReader - Loading XML bean definitions from class path resource [spring/root-context.xml]
2016-09-08 21:17:24.179 [main] ERROR org.springframework.web.context.ContextLoader - Context initialization failed
org.springframework.beans.factory.BeanDefinitionStoreException: IOException parsing XML document from class path resource [spring/root-context.xml]; nested exception is java.io.FileNotFoundException: class path resource [spring/root-context.xml] cannot be opened because it does not exist
	at org.springframework.beans.factory.xml.XmlBeanDefinitionReader.loadBeanDefinitions(XmlBeanDefinitionReader.java:344)
	at org.springframework.beans.factory.xml.XmlBeanDefinitionReader.loadBeanDefinitions(XmlBeanDefinitionReader.java:304)
	at org.springframework.beans.factory.support.AbstractBeanDefinitionReader.loadBeanDefinitions(AbstractBeanDefinitionReader.java:181)
	at org.springframework.beans.factory.support.AbstractBeanDefinitionReader.loadBeanDefinitions(AbstractBeanDefinitionReader.java:217)
	at org.springframework.beans.factory.support.AbstractBeanDefinitionReader.loadBeanDefinitions(AbstractBeanDefinitionReader.java:188)
	at org.springframework.web.context.support.XmlWebApplicationContext.loadBeanDefinitions(XmlWebApplicationContext.java:125)
	at org.springframework.web.context.support.XmlWebApplicationContext.loadBeanDefinitions(XmlWebApplicationContext.java:94)
	at org.springframework.context.support.AbstractRefreshableApplicationContext.refreshBeanFactory(AbstractRefreshableApplicationContext.java:129)
	at org.springframework.context.support.AbstractApplicationContext.obtainFreshBeanFactory(AbstractApplicationContext.java:609)
	at org.springframework.context.support.AbstractApplicationContext.refresh(AbstractApplicationContext.java:510)
	at org.springframework.web.context.ContextLoader.configureAndRefreshWebApplicationContext(ContextLoader.java:444)
	at org.springframework.web.context.ContextLoader.initWebApplicationContext(ContextLoader.java:326)
	at org.springframework.web.context.ContextLoaderListener.contextInitialized(ContextLoaderListener.java:107)
	at org.eclipse.jetty.server.handler.ContextHandler.callContextInitialized(ContextHandler.java:800)
	at org.eclipse.jetty.servlet.ServletContextHandler.callContextInitialized(ServletContextHandler.java:444)
	at org.eclipse.jetty.server.handler.ContextHandler.startContext(ContextHandler.java:791)
	at org.eclipse.jetty.servlet.ServletContextHandler.startContext(ServletContextHandler.java:294)
	at org.eclipse.jetty.webapp.WebAppContext.startWebapp(WebAppContext.java:1349)
	at org.eclipse.jetty.maven.plugin.JettyWebAppContext.startWebapp(JettyWebAppContext.java:323)
	at org.eclipse.jetty.webapp.WebAppContext.startContext(WebAppContext.java:1342)
	at org.eclipse.jetty.server.handler.ContextHandler.doStart(ContextHandler.java:741)
	at org.eclipse.jetty.webapp.WebAppContext.doStart(WebAppContext.java:505)
	at org.eclipse.jetty.maven.plugin.JettyWebAppContext.doStart(JettyWebAppContext.java:398)
	at org.eclipse.jetty.util.component.AbstractLifeCycle.start(AbstractLifeCycle.java:68)
	at org.eclipse.jetty.util.component.ContainerLifeCycle.start(ContainerLifeCycle.java:132)
	at org.eclipse.jetty.util.component.ContainerLifeCycle.doStart(ContainerLifeCycle.java:114)
	at org.eclipse.jetty.server.handler.AbstractHandler.doStart(AbstractHandler.java:61)
	at org.eclipse.jetty.server.handler.ContextHandlerCollection.doStart(ContextHandlerCollection.java:163)
	at org.eclipse.jetty.util.component.AbstractLifeCycle.start(AbstractLifeCycle.java:68)
	at org.eclipse.jetty.util.component.ContainerLifeCycle.start(ContainerLifeCycle.java:132)
	at org.eclipse.jetty.util.component.ContainerLifeCycle.doStart(ContainerLifeCycle.java:114)
	at org.eclipse.jetty.server.handler.AbstractHandler.doStart(AbstractHandler.java:61)
	at org.eclipse.jetty.util.component.AbstractLifeCycle.start(AbstractLifeCycle.java:68)
	at org.eclipse.jetty.util.component.ContainerLifeCycle.start(ContainerLifeCycle.java:132)
	at org.eclipse.jetty.server.Server.start(Server.java:387)
	at org.eclipse.jetty.util.component.ContainerLifeCycle.doStart(ContainerLifeCycle.java:114)
	at org.eclipse.jetty.server.handler.AbstractHandler.doStart(AbstractHandler.java:61)
	at org.eclipse.jetty.server.Server.doStart(Server.java:354)
	at org.eclipse.jetty.util.component.AbstractLifeCycle.start(AbstractLifeCycle.java:68)
	at org.eclipse.jetty.maven.plugin.AbstractJettyMojo.startJetty(AbstractJettyMojo.java:460)
	at org.eclipse.jetty.maven.plugin.AbstractJettyMojo.execute(AbstractJettyMojo.java:328)
	at org.eclipse.jetty.maven.plugin.JettyRunMojo.execute(JettyRunMojo.java:170)
	at org.apache.maven.plugin.DefaultBuildPluginManager.executeMojo(DefaultBuildPluginManager.java:134)
	at org.apache.maven.lifecycle.internal.MojoExecutor.execute(MojoExecutor.java:207)
	at org.apache.maven.lifecycle.internal.MojoExecutor.execute(MojoExecutor.java:153)
	at org.apache.maven.lifecycle.internal.MojoExecutor.execute(MojoExecutor.java:145)
	at org.apache.maven.lifecycle.internal.LifecycleModuleBuilder.buildProject(LifecycleModuleBuilder.java:116)
	at org.apache.maven.lifecycle.internal.LifecycleModuleBuilder.buildProject(LifecycleModuleBuilder.java:80)
	at org.apache.maven.lifecycle.internal.builder.singlethreaded.SingleThreadedBuilder.build(SingleThreadedBuilder.java:51)
	at org.apache.maven.lifecycle.internal.LifecycleStarter.execute(LifecycleStarter.java:128)
	at org.apache.maven.DefaultMaven.doExecute(DefaultMaven.java:307)
	at org.apache.maven.DefaultMaven.doExecute(DefaultMaven.java:193)
	at org.apache.maven.DefaultMaven.execute(DefaultMaven.java:106)
	at org.apache.maven.cli.MavenCli.execute(MavenCli.java:863)
	at org.apache.maven.cli.MavenCli.doMain(MavenCli.java:288)
	at org.apache.maven.cli.MavenCli.main(MavenCli.java:199)
	at sun.reflect.NativeMethodAccessorImpl.invoke0(Native Method)
	at sun.reflect.NativeMethodAccessorImpl.invoke(NativeMethodAccessorImpl.java:62)
	at sun.reflect.DelegatingMethodAccessorImpl.invoke(DelegatingMethodAccessorImpl.java:43)
	at java.lang.reflect.Method.invoke(Method.java:483)
	at org.codehaus.plexus.classworlds.launcher.Launcher.launchEnhanced(Launcher.java:289)
	at org.codehaus.plexus.classworlds.launcher.Launcher.launch(Launcher.java:229)
	at org.codehaus.plexus.classworlds.launcher.Launcher.mainWithExitCode(Launcher.java:415)
	at org.codehaus.plexus.classworlds.launcher.Launcher.main(Launcher.java:356)
	at org.codehaus.classworlds.Launcher.main(Launcher.java:47)
	at sun.reflect.NativeMethodAccessorImpl.invoke0(Native Method)
	at sun.reflect.NativeMethodAccessorImpl.invoke(NativeMethodAccessorImpl.java:62)
	at sun.reflect.DelegatingMethodAccessorImpl.invoke(DelegatingMethodAccessorImpl.java:43)
	at java.lang.reflect.Method.invoke(Method.java:483)
	at com.intellij.rt.execution.application.AppMain.main(AppMain.java:147)
Caused by: java.io.FileNotFoundException: class path resource [spring/root-context.xml] cannot be opened because it does not exist
	at org.springframework.core.io.ClassPathResource.getInputStream(ClassPathResource.java:172)
	at org.springframework.beans.factory.xml.XmlBeanDefinitionReader.loadBeanDefinitions(XmlBeanDefinitionReader.java:330)
	... 69 common frames omitted
2016-09-08 21:21:32.684 [main] INFO  org.springframework.web.context.ContextLoader - Root WebApplicationContext: initialization started
2016-09-08 21:21:32.764 [main] INFO  o.s.web.context.support.XmlWebApplicationContext - Refreshing Root WebApplicationContext: startup date [Thu Sep 08 21:21:32 CST 2016]; root of context hierarchy
2016-09-08 21:21:32.798 [main] INFO  o.s.beans.factory.xml.XmlBeanDefinitionReader - Loading XML bean definitions from class path resource [spring/root-context.xml]
2016-09-08 21:21:32.801 [main] ERROR org.springframework.web.context.ContextLoader - Context initialization failed
org.springframework.beans.factory.BeanDefinitionStoreException: IOException parsing XML document from class path resource [spring/root-context.xml]; nested exception is java.io.FileNotFoundException: class path resource [spring/root-context.xml] cannot be opened because it does not exist
	at org.springframework.beans.factory.xml.XmlBeanDefinitionReader.loadBeanDefinitions(XmlBeanDefinitionReader.java:344)
	at org.springframework.beans.factory.xml.XmlBeanDefinitionReader.loadBeanDefinitions(XmlBeanDefinitionReader.java:304)
	at org.springframework.beans.factory.support.AbstractBeanDefinitionReader.loadBeanDefinitions(AbstractBeanDefinitionReader.java:181)
	at org.springframework.beans.factory.support.AbstractBeanDefinitionReader.loadBeanDefinitions(AbstractBeanDefinitionReader.java:217)
	at org.springframework.beans.factory.support.AbstractBeanDefinitionReader.loadBeanDefinitions(AbstractBeanDefinitionReader.java:188)
	at org.springframework.web.context.support.XmlWebApplicationContext.loadBeanDefinitions(XmlWebApplicationContext.java:125)
	at org.springframework.web.context.support.XmlWebApplicationContext.loadBeanDefinitions(XmlWebApplicationContext.java:94)
	at org.springframework.context.support.AbstractRefreshableApplicationContext.refreshBeanFactory(AbstractRefreshableApplicationContext.java:129)
	at org.springframework.context.support.AbstractApplicationContext.obtainFreshBeanFactory(AbstractApplicationContext.java:609)
	at org.springframework.context.support.AbstractApplicationContext.refresh(AbstractApplicationContext.java:510)
	at org.springframework.web.context.ContextLoader.configureAndRefreshWebApplicationContext(ContextLoader.java:444)
	at org.springframework.web.context.ContextLoader.initWebApplicationContext(ContextLoader.java:326)
	at org.springframework.web.context.ContextLoaderListener.contextInitialized(ContextLoaderListener.java:107)
	at org.eclipse.jetty.server.handler.ContextHandler.callContextInitialized(ContextHandler.java:800)
	at org.eclipse.jetty.servlet.ServletContextHandler.callContextInitialized(ServletContextHandler.java:444)
	at org.eclipse.jetty.server.handler.ContextHandler.startContext(ContextHandler.java:791)
	at org.eclipse.jetty.servlet.ServletContextHandler.startContext(ServletContextHandler.java:294)
	at org.eclipse.jetty.webapp.WebAppContext.startWebapp(WebAppContext.java:1349)
	at org.eclipse.jetty.maven.plugin.JettyWebAppContext.startWebapp(JettyWebAppContext.java:323)
	at org.eclipse.jetty.webapp.WebAppContext.startContext(WebAppContext.java:1342)
	at org.eclipse.jetty.server.handler.ContextHandler.doStart(ContextHandler.java:741)
	at org.eclipse.jetty.webapp.WebAppContext.doStart(WebAppContext.java:505)
	at org.eclipse.jetty.maven.plugin.JettyWebAppContext.doStart(JettyWebAppContext.java:398)
	at org.eclipse.jetty.util.component.AbstractLifeCycle.start(AbstractLifeCycle.java:68)
	at org.eclipse.jetty.util.component.ContainerLifeCycle.start(ContainerLifeCycle.java:132)
	at org.eclipse.jetty.util.component.ContainerLifeCycle.doStart(ContainerLifeCycle.java:114)
	at org.eclipse.jetty.server.handler.AbstractHandler.doStart(AbstractHandler.java:61)
	at org.eclipse.jetty.server.handler.ContextHandlerCollection.doStart(ContextHandlerCollection.java:163)
	at org.eclipse.jetty.util.component.AbstractLifeCycle.start(AbstractLifeCycle.java:68)
	at org.eclipse.jetty.util.component.ContainerLifeCycle.start(ContainerLifeCycle.java:132)
	at org.eclipse.jetty.util.component.ContainerLifeCycle.doStart(ContainerLifeCycle.java:114)
	at org.eclipse.jetty.server.handler.AbstractHandler.doStart(AbstractHandler.java:61)
	at org.eclipse.jetty.util.component.AbstractLifeCycle.start(AbstractLifeCycle.java:68)
	at org.eclipse.jetty.util.component.ContainerLifeCycle.start(ContainerLifeCycle.java:132)
	at org.eclipse.jetty.server.Server.start(Server.java:387)
	at org.eclipse.jetty.util.component.ContainerLifeCycle.doStart(ContainerLifeCycle.java:114)
	at org.eclipse.jetty.server.handler.AbstractHandler.doStart(AbstractHandler.java:61)
	at org.eclipse.jetty.server.Server.doStart(Server.java:354)
	at org.eclipse.jetty.util.component.AbstractLifeCycle.start(AbstractLifeCycle.java:68)
	at org.eclipse.jetty.maven.plugin.AbstractJettyMojo.startJetty(AbstractJettyMojo.java:460)
	at org.eclipse.jetty.maven.plugin.AbstractJettyMojo.execute(AbstractJettyMojo.java:328)
	at org.eclipse.jetty.maven.plugin.JettyRunMojo.execute(JettyRunMojo.java:170)
	at org.apache.maven.plugin.DefaultBuildPluginManager.executeMojo(DefaultBuildPluginManager.java:134)
	at org.apache.maven.lifecycle.internal.MojoExecutor.execute(MojoExecutor.java:207)
	at org.apache.maven.lifecycle.internal.MojoExecutor.execute(MojoExecutor.java:153)
	at org.apache.maven.lifecycle.internal.MojoExecutor.execute(MojoExecutor.java:145)
	at org.apache.maven.lifecycle.internal.LifecycleModuleBuilder.buildProject(LifecycleModuleBuilder.java:116)
	at org.apache.maven.lifecycle.internal.LifecycleModuleBuilder.buildProject(LifecycleModuleBuilder.java:80)
	at org.apache.maven.lifecycle.internal.builder.singlethreaded.SingleThreadedBuilder.build(SingleThreadedBuilder.java:51)
	at org.apache.maven.lifecycle.internal.LifecycleStarter.execute(LifecycleStarter.java:128)
	at org.apache.maven.DefaultMaven.doExecute(DefaultMaven.java:307)
	at org.apache.maven.DefaultMaven.doExecute(DefaultMaven.java:193)
	at org.apache.maven.DefaultMaven.execute(DefaultMaven.java:106)
	at org.apache.maven.cli.MavenCli.execute(MavenCli.java:863)
	at org.apache.maven.cli.MavenCli.doMain(MavenCli.java:288)
	at org.apache.maven.cli.MavenCli.main(MavenCli.java:199)
	at sun.reflect.NativeMethodAccessorImpl.invoke0(Native Method)
	at sun.reflect.NativeMethodAccessorImpl.invoke(NativeMethodAccessorImpl.java:62)
	at sun.reflect.DelegatingMethodAccessorImpl.invoke(DelegatingMethodAccessorImpl.java:43)
	at java.lang.reflect.Method.invoke(Method.java:483)
	at org.codehaus.plexus.classworlds.launcher.Launcher.launchEnhanced(Launcher.java:289)
	at org.codehaus.plexus.classworlds.launcher.Launcher.launch(Launcher.java:229)
	at org.codehaus.plexus.classworlds.launcher.Launcher.mainWithExitCode(Launcher.java:415)
	at org.codehaus.plexus.classworlds.launcher.Launcher.main(Launcher.java:356)
	at org.codehaus.classworlds.Launcher.main(Launcher.java:47)
	at sun.reflect.NativeMethodAccessorImpl.invoke0(Native Method)
	at sun.reflect.NativeMethodAccessorImpl.invoke(NativeMethodAccessorImpl.java:62)
	at sun.reflect.DelegatingMethodAccessorImpl.invoke(DelegatingMethodAccessorImpl.java:43)
	at java.lang.reflect.Method.invoke(Method.java:483)
	at com.intellij.rt.execution.application.AppMain.main(AppMain.java:147)
Caused by: java.io.FileNotFoundException: class path resource [spring/root-context.xml] cannot be opened because it does not exist
	at org.springframework.core.io.ClassPathResource.getInputStream(ClassPathResource.java:172)
	at org.springframework.beans.factory.xml.XmlBeanDefinitionReader.loadBeanDefinitions(XmlBeanDefinitionReader.java:330)
	... 69 common frames omitted
2016-09-08 21:30:48.121 [main] INFO  org.springframework.web.context.ContextLoader - Root WebApplicationContext: initialization started
2016-09-08 21:30:48.200 [main] INFO  o.s.web.context.support.XmlWebApplicationContext - Refreshing Root WebApplicationContext: startup date [Thu Sep 08 21:30:48 CST 2016]; root of context hierarchy
2016-09-08 21:30:48.231 [main] INFO  o.s.beans.factory.xml.XmlBeanDefinitionReader - Loading XML bean definitions from class path resource [spring/root-context.xml]
2016-09-08 21:30:48.233 [main] ERROR org.springframework.web.context.ContextLoader - Context initialization failed
org.springframework.beans.factory.BeanDefinitionStoreException: IOException parsing XML document from class path resource [spring/root-context.xml]; nested exception is java.io.FileNotFoundException: class path resource [spring/root-context.xml] cannot be opened because it does not exist
	at org.springframework.beans.factory.xml.XmlBeanDefinitionReader.loadBeanDefinitions(XmlBeanDefinitionReader.java:344)
	at org.springframework.beans.factory.xml.XmlBeanDefinitionReader.loadBeanDefinitions(XmlBeanDefinitionReader.java:304)
	at org.springframework.beans.factory.support.AbstractBeanDefinitionReader.loadBeanDefinitions(AbstractBeanDefinitionReader.java:181)
	at org.springframework.beans.factory.support.AbstractBeanDefinitionReader.loadBeanDefinitions(AbstractBeanDefinitionReader.java:217)
	at org.springframework.beans.factory.support.AbstractBeanDefinitionReader.loadBeanDefinitions(AbstractBeanDefinitionReader.java:188)
	at org.springframework.web.context.support.XmlWebApplicationContext.loadBeanDefinitions(XmlWebApplicationContext.java:125)
	at org.springframework.web.context.support.XmlWebApplicationContext.loadBeanDefinitions(XmlWebApplicationContext.java:94)
	at org.springframework.context.support.AbstractRefreshableApplicationContext.refreshBeanFactory(AbstractRefreshableApplicationContext.java:129)
	at org.springframework.context.support.AbstractApplicationContext.obtainFreshBeanFactory(AbstractApplicationContext.java:609)
	at org.springframework.context.support.AbstractApplicationContext.refresh(AbstractApplicationContext.java:510)
	at org.springframework.web.context.ContextLoader.configureAndRefreshWebApplicationContext(ContextLoader.java:444)
	at org.springframework.web.context.ContextLoader.initWebApplicationContext(ContextLoader.java:326)
	at org.springframework.web.context.ContextLoaderListener.contextInitialized(ContextLoaderListener.java:107)
	at org.eclipse.jetty.server.handler.ContextHandler.callContextInitialized(ContextHandler.java:800)
	at org.eclipse.jetty.servlet.ServletContextHandler.callContextInitialized(ServletContextHandler.java:444)
	at org.eclipse.jetty.server.handler.ContextHandler.startContext(ContextHandler.java:791)
	at org.eclipse.jetty.servlet.ServletContextHandler.startContext(ServletContextHandler.java:294)
	at org.eclipse.jetty.webapp.WebAppContext.startWebapp(WebAppContext.java:1349)
	at org.eclipse.jetty.maven.plugin.JettyWebAppContext.startWebapp(JettyWebAppContext.java:323)
	at org.eclipse.jetty.webapp.WebAppContext.startContext(WebAppContext.java:1342)
	at org.eclipse.jetty.server.handler.ContextHandler.doStart(ContextHandler.java:741)
	at org.eclipse.jetty.webapp.WebAppContext.doStart(WebAppContext.java:505)
	at org.eclipse.jetty.maven.plugin.JettyWebAppContext.doStart(JettyWebAppContext.java:398)
	at org.eclipse.jetty.util.component.AbstractLifeCycle.start(AbstractLifeCycle.java:68)
	at org.eclipse.jetty.util.component.ContainerLifeCycle.start(ContainerLifeCycle.java:132)
	at org.eclipse.jetty.util.component.ContainerLifeCycle.doStart(ContainerLifeCycle.java:114)
	at org.eclipse.jetty.server.handler.AbstractHandler.doStart(AbstractHandler.java:61)
	at org.eclipse.jetty.server.handler.ContextHandlerCollection.doStart(ContextHandlerCollection.java:163)
	at org.eclipse.jetty.util.component.AbstractLifeCycle.start(AbstractLifeCycle.java:68)
	at org.eclipse.jetty.util.component.ContainerLifeCycle.start(ContainerLifeCycle.java:132)
	at org.eclipse.jetty.util.component.ContainerLifeCycle.doStart(ContainerLifeCycle.java:114)
	at org.eclipse.jetty.server.handler.AbstractHandler.doStart(AbstractHandler.java:61)
	at org.eclipse.jetty.util.component.AbstractLifeCycle.start(AbstractLifeCycle.java:68)
	at org.eclipse.jetty.util.component.ContainerLifeCycle.start(ContainerLifeCycle.java:132)
	at org.eclipse.jetty.server.Server.start(Server.java:387)
	at org.eclipse.jetty.util.component.ContainerLifeCycle.doStart(ContainerLifeCycle.java:114)
	at org.eclipse.jetty.server.handler.AbstractHandler.doStart(AbstractHandler.java:61)
	at org.eclipse.jetty.server.Server.doStart(Server.java:354)
	at org.eclipse.jetty.util.component.AbstractLifeCycle.start(AbstractLifeCycle.java:68)
	at org.eclipse.jetty.maven.plugin.AbstractJettyMojo.startJetty(AbstractJettyMojo.java:460)
	at org.eclipse.jetty.maven.plugin.AbstractJettyMojo.execute(AbstractJettyMojo.java:328)
	at org.eclipse.jetty.maven.plugin.JettyRunMojo.execute(JettyRunMojo.java:170)
	at org.apache.maven.plugin.DefaultBuildPluginManager.executeMojo(DefaultBuildPluginManager.java:134)
	at org.apache.maven.lifecycle.internal.MojoExecutor.execute(MojoExecutor.java:207)
	at org.apache.maven.lifecycle.internal.MojoExecutor.execute(MojoExecutor.java:153)
	at org.apache.maven.lifecycle.internal.MojoExecutor.execute(MojoExecutor.java:145)
	at org.apache.maven.lifecycle.internal.LifecycleModuleBuilder.buildProject(LifecycleModuleBuilder.java:116)
	at org.apache.maven.lifecycle.internal.LifecycleModuleBuilder.buildProject(LifecycleModuleBuilder.java:80)
	at org.apache.maven.lifecycle.internal.builder.singlethreaded.SingleThreadedBuilder.build(SingleThreadedBuilder.java:51)
	at org.apache.maven.lifecycle.internal.LifecycleStarter.execute(LifecycleStarter.java:128)
	at org.apache.maven.DefaultMaven.doExecute(DefaultMaven.java:307)
	at org.apache.maven.DefaultMaven.doExecute(DefaultMaven.java:193)
	at org.apache.maven.DefaultMaven.execute(DefaultMaven.java:106)
	at org.apache.maven.cli.MavenCli.execute(MavenCli.java:863)
	at org.apache.maven.cli.MavenCli.doMain(MavenCli.java:288)
	at org.apache.maven.cli.MavenCli.main(MavenCli.java:199)
	at sun.reflect.NativeMethodAccessorImpl.invoke0(Native Method)
	at sun.reflect.NativeMethodAccessorImpl.invoke(NativeMethodAccessorImpl.java:62)
	at sun.reflect.DelegatingMethodAccessorImpl.invoke(DelegatingMethodAccessorImpl.java:43)
	at java.lang.reflect.Method.invoke(Method.java:483)
	at org.codehaus.plexus.classworlds.launcher.Launcher.launchEnhanced(Launcher.java:289)
	at org.codehaus.plexus.classworlds.launcher.Launcher.launch(Launcher.java:229)
	at org.codehaus.plexus.classworlds.launcher.Launcher.mainWithExitCode(Launcher.java:415)
	at org.codehaus.plexus.classworlds.launcher.Launcher.main(Launcher.java:356)
	at org.codehaus.classworlds.Launcher.main(Launcher.java:47)
	at sun.reflect.NativeMethodAccessorImpl.invoke0(Native Method)
	at sun.reflect.NativeMethodAccessorImpl.invoke(NativeMethodAccessorImpl.java:62)
	at sun.reflect.DelegatingMethodAccessorImpl.invoke(DelegatingMethodAccessorImpl.java:43)
	at java.lang.reflect.Method.invoke(Method.java:483)
	at com.intellij.rt.execution.application.AppMain.main(AppMain.java:147)
Caused by: java.io.FileNotFoundException: class path resource [spring/root-context.xml] cannot be opened because it does not exist
	at org.springframework.core.io.ClassPathResource.getInputStream(ClassPathResource.java:172)
	at org.springframework.beans.factory.xml.XmlBeanDefinitionReader.loadBeanDefinitions(XmlBeanDefinitionReader.java:330)
	... 69 common frames omitted
2016-09-08 23:18:23.100 [main] INFO  org.springframework.web.context.ContextLoader - Root WebApplicationContext: initialization started
2016-09-08 23:18:23.211 [main] INFO  o.s.web.context.support.XmlWebApplicationContext - Refreshing Root WebApplicationContext: startup date [Thu Sep 08 23:18:23 CST 2016]; root of context hierarchy
2016-09-08 23:18:23.257 [main] INFO  o.s.beans.factory.xml.XmlBeanDefinitionReader - Loading XML bean definitions from class path resource [spring/root-context.xml]
2016-09-08 23:18:23.640 [main] INFO  o.s.beans.factory.xml.XmlBeanDefinitionReader - Loading XML bean definitions from class path resource [spring/spring-mybatis.xml]
2016-09-08 23:18:23.694 [main] INFO  o.s.beans.factory.xml.XmlBeanDefinitionReader - Loading XML bean definitions from class path resource [spring/spring-ehcache.xml]
2016-09-08 23:18:23.757 [main] INFO  o.s.beans.factory.xml.XmlBeanDefinitionReader - Loading XML bean definitions from class path resource [spring/spring-redis.xml]
2016-09-08 23:18:24.095 [main] INFO  o.s.b.factory.config.PropertyPlaceholderConfigurer - Loading properties file from class path resource [dbconfig.properties]
2016-09-08 23:18:24.096 [main] INFO  o.s.b.factory.config.PropertyPlaceholderConfigurer - Loading properties file from class path resource [redis.properties]
2016-09-08 23:18:24.101 [main] INFO  o.s.b.factory.config.PropertyPlaceholderConfigurer - Loading properties file from class path resource [dbconfig.properties]
2016-09-08 23:18:24.103 [main] INFO  o.s.b.factory.config.PropertyPlaceholderConfigurer - Loading properties file from class path resource [redis.properties]
2016-09-08 23:18:24.109 [main] INFO  o.s.b.f.a.AutowiredAnnotationBeanPostProcessor - JSR-330 'javax.inject.Inject' annotation found and supported for autowiring
2016-09-08 23:18:24.263 [main] INFO  o.s.cache.ehcache.EhCacheManagerFactoryBean - Initializing EhCache CacheManager
2016-09-08 23:18:24.305 [main] WARN  net.sf.ehcache.config.CacheConfiguration - Cache 'testCache' is set to eternal but also has TTI/TTL set.  To avoid this warning, clean up the config removing conflicting values of eternal, TTI and TTL. Effective configuration for Cache 'testCache' will be eternal='true', timeToIdleSeconds='0', timeToLiveSeconds='0'.
2016-09-08 23:18:24.710 [main] DEBUG org.apache.ibatis.logging.LogFactory - Logging initialized using 'class org.apache.ibatis.logging.commons.JakartaCommonsLoggingImpl' adapter.
2016-09-08 23:18:24.973 [main] DEBUG org.apache.ibatis.io.VFS - Class not found: org.jboss.vfs.VFS
2016-09-08 23:18:24.974 [main] DEBUG org.apache.ibatis.io.JBoss6VFS - JBoss 6 VFS API is not available in this environment.
2016-09-08 23:18:24.976 [main] DEBUG org.apache.ibatis.io.VFS - Class not found: org.jboss.vfs.VirtualFile
2016-09-08 23:18:24.976 [main] DEBUG org.apache.ibatis.io.VFS - VFS implementation org.apache.ibatis.io.JBoss6VFS is not valid in this environment.
2016-09-08 23:18:24.977 [main] DEBUG org.apache.ibatis.io.VFS - Using VFS adapter org.apache.ibatis.io.DefaultVFS
2016-09-08 23:18:24.978 [main] DEBUG org.apache.ibatis.io.DefaultVFS - Find JAR URL: jar:file:/D:/IdeaProjects/appdemo/app-web/target/app-web-1.0-SNAPSHOT/WEB-INF/lib/app-java-1.0-SNAPSHOT.jar!/com/xsoft/appdemo/model
2016-09-08 23:18:24.979 [main] DEBUG org.apache.ibatis.io.DefaultVFS - Inner URL: file:/D:/IdeaProjects/appdemo/app-web/target/app-web-1.0-SNAPSHOT/WEB-INF/lib/app-java-1.0-SNAPSHOT.jar!/com/xsoft/appdemo/model
2016-09-08 23:18:24.980 [main] DEBUG org.apache.ibatis.io.DefaultVFS - Extracted JAR URL: file:/D:/IdeaProjects/appdemo/app-web/target/app-web-1.0-SNAPSHOT/WEB-INF/lib/app-java-1.0-SNAPSHOT.jar
2016-09-08 23:18:24.980 [main] DEBUG org.apache.ibatis.io.DefaultVFS - Found JAR: file:/D:/IdeaProjects/appdemo/app-web/target/app-web-1.0-SNAPSHOT/WEB-INF/lib/app-java-1.0-SNAPSHOT.jar
2016-09-08 23:18:24.980 [main] DEBUG org.apache.ibatis.io.DefaultVFS - Listing jar:file:/D:/IdeaProjects/appdemo/app-web/target/app-web-1.0-SNAPSHOT/WEB-INF/lib/app-java-1.0-SNAPSHOT.jar!/com/xsoft/appdemo/model
2016-09-08 23:18:24.981 [main] DEBUG org.apache.ibatis.io.DefaultVFS - Found resource: /com/xsoft/appdemo/model/UserInfo.class
2016-09-08 23:18:24.982 [main] DEBUG org.apache.ibatis.io.ResolverUtil - Checking to see if class com.xsoft.appdemo.model.UserInfo matches criteria [is assignable to Object]
2016-09-08 23:18:25.329 [main] WARN  net.sf.ehcache.config.CacheConfiguration - Cache 'testCache' is set to eternal but also has TTI/TTL set.  To avoid this warning, clean up the config removing conflicting values of eternal, TTI and TTL. Effective configuration for Cache 'testCache' will be eternal='true', timeToIdleSeconds='0', timeToLiveSeconds='0'.
2016-09-08 23:18:25.839 [main] INFO  org.springframework.web.context.ContextLoader - Root WebApplicationContext: initialization completed in 2735 ms
2016-09-08 23:18:26.027 [main] INFO  org.springframework.web.servlet.DispatcherServlet - FrameworkServlet 'mvc-dispatcher': initialization started
2016-09-08 23:18:26.032 [main] INFO  o.s.web.context.support.XmlWebApplicationContext - Refreshing WebApplicationContext for namespace 'mvc-dispatcher-servlet': startup date [Thu Sep 08 23:18:26 CST 2016]; parent: Root WebApplicationContext
2016-09-08 23:18:26.033 [main] INFO  o.s.beans.factory.xml.XmlBeanDefinitionReader - Loading XML bean definitions from class path resource [spring/mvc-dispatcher-servlet.xml]
2016-09-08 23:18:26.210 [main] INFO  o.s.b.f.a.AutowiredAnnotationBeanPostProcessor - JSR-330 'javax.inject.Inject' annotation found and supported for autowiring
2016-09-08 23:18:26.352 [main] INFO  o.s.w.s.m.m.a.RequestMappingHandlerMapping - Mapped "{[/index]}" onto public java.lang.String com.xsoft.appdemo.controller.IndexController.index(org.springframework.ui.Model) throws java.lang.Exception
2016-09-08 23:18:26.356 [main] INFO  o.s.w.s.m.m.a.RequestMappingHandlerMapping - Mapped "{[/list1]}" onto public org.springframework.web.servlet.ModelAndView com.xsoft.appdemo.controller.UserController.list(javax.servlet.http.HttpServletRequest,javax.servlet.http.HttpServletResponse)
2016-09-08 23:18:26.356 [main] INFO  o.s.w.s.m.m.a.RequestMappingHandlerMapping - Mapped "{[/xss_test]}" onto public org.springframework.web.servlet.ModelAndView com.xsoft.appdemo.controller.UserController.xssTest(javax.servlet.http.HttpServletRequest,javax.servlet.http.HttpServletResponse)
2016-09-08 23:18:26.356 [main] INFO  o.s.w.s.m.m.a.RequestMappingHandlerMapping - Mapped "{[/list_json]}" onto public java.lang.Object com.xsoft.appdemo.controller.UserController.listJson(javax.servlet.http.HttpServletRequest,javax.servlet.http.HttpServletResponse)
2016-09-08 23:18:26.357 [main] INFO  o.s.w.s.m.m.a.RequestMappingHandlerMapping - Mapped "{[/xss_filter]}" onto public java.lang.Object com.xsoft.appdemo.controller.UserController.xssFilter(javax.servlet.http.HttpServletRequest,javax.servlet.http.HttpServletResponse)
2016-09-08 23:18:26.357 [main] INFO  o.s.w.s.m.m.a.RequestMappingHandlerMapping - Mapped "{[/list_page]}" onto public org.springframework.web.servlet.ModelAndView com.xsoft.appdemo.controller.UserController.listPage(javax.servlet.http.HttpServletRequest,javax.servlet.http.HttpServletResponse)
2016-09-08 23:18:27.222 [main] INFO  o.s.w.s.m.m.a.RequestMappingHandlerAdapter - Looking for @ControllerAdvice: WebApplicationContext for namespace 'mvc-dispatcher-servlet': startup date [Thu Sep 08 23:18:26 CST 2016]; parent: Root WebApplicationContext
2016-09-08 23:18:27.337 [main] INFO  o.s.web.servlet.handler.SimpleUrlHandlerMapping - Mapped URL path [/images/**] onto handler 'org.springframework.web.servlet.resource.ResourceHttpRequestHandler#0'
2016-09-08 23:18:27.363 [main] INFO  o.s.web.servlet.handler.SimpleUrlHandlerMapping - Mapped URL path [/js/**] onto handler 'org.springframework.web.servlet.resource.ResourceHttpRequestHandler#1'
2016-09-08 23:18:27.366 [main] INFO  o.s.web.servlet.handler.SimpleUrlHandlerMapping - Mapped URL path [/css/**] onto handler 'org.springframework.web.servlet.resource.ResourceHttpRequestHandler#2'
2016-09-08 23:18:27.501 [main] INFO  org.springframework.web.servlet.DispatcherServlet - FrameworkServlet 'mvc-dispatcher': initialization completed in 1472 ms
2016-09-08 23:18:33.654 [qtp1123573668-19] WARN  org.springframework.web.servlet.PageNotFound - No mapping found for HTTP request with URI [/] in DispatcherServlet with name 'mvc-dispatcher'
2016-09-08 23:19:28.559 [qtp1123573668-25] WARN  org.springframework.web.servlet.PageNotFound - No mapping found for HTTP request with URI [/favicon.ico] in DispatcherServlet with name 'mvc-dispatcher'
2016-09-08 23:19:29.116 [qtp1123573668-20] WARN  org.springframework.web.servlet.PageNotFound - No mapping found for HTTP request with URI [/favicon.ico] in DispatcherServlet with name 'mvc-dispatcher'
2016-09-08 23:19:29.383 [qtp1123573668-23] WARN  org.springframework.web.servlet.PageNotFound - No mapping found for HTTP request with URI [/favicon.ico] in DispatcherServlet with name 'mvc-dispatcher'
2016-09-08 23:19:29.848 [qtp1123573668-22] WARN  org.springframework.web.servlet.PageNotFound - No mapping found for HTTP request with URI [/favicon.ico] in DispatcherServlet with name 'mvc-dispatcher'
2016-09-08 23:20:26.178 [main] INFO  org.springframework.web.context.ContextLoader - Root WebApplicationContext: initialization started
2016-09-08 23:20:26.242 [main] INFO  o.s.web.context.support.XmlWebApplicationContext - Refreshing Root WebApplicationContext: startup date [Thu Sep 08 23:20:26 CST 2016]; root of context hierarchy
2016-09-08 23:20:26.270 [main] INFO  o.s.beans.factory.xml.XmlBeanDefinitionReader - Loading XML bean definitions from class path resource [spring/root-context.xml]
2016-09-08 23:20:26.535 [main] INFO  o.s.beans.factory.xml.XmlBeanDefinitionReader - Loading XML bean definitions from class path resource [spring/spring-mybatis.xml]
2016-09-08 23:20:26.588 [main] INFO  o.s.beans.factory.xml.XmlBeanDefinitionReader - Loading XML bean definitions from class path resource [spring/spring-ehcache.xml]
2016-09-08 23:20:26.644 [main] INFO  o.s.beans.factory.xml.XmlBeanDefinitionReader - Loading XML bean definitions from class path resource [spring/spring-redis.xml]
2016-09-08 23:20:27.002 [main] INFO  o.s.b.factory.config.PropertyPlaceholderConfigurer - Loading properties file from class path resource [dbconfig.properties]
2016-09-08 23:20:27.003 [main] INFO  o.s.b.factory.config.PropertyPlaceholderConfigurer - Loading properties file from class path resource [redis.properties]
2016-09-08 23:20:27.012 [main] INFO  o.s.b.factory.config.PropertyPlaceholderConfigurer - Loading properties file from class path resource [dbconfig.properties]
2016-09-08 23:20:27.022 [main] INFO  o.s.b.factory.config.PropertyPlaceholderConfigurer - Loading properties file from class path resource [redis.properties]
2016-09-08 23:20:27.037 [main] INFO  o.s.b.f.a.AutowiredAnnotationBeanPostProcessor - JSR-330 'javax.inject.Inject' annotation found and supported for autowiring
2016-09-08 23:20:27.193 [main] INFO  o.s.cache.ehcache.EhCacheManagerFactoryBean - Initializing EhCache CacheManager
2016-09-08 23:20:27.238 [main] WARN  net.sf.ehcache.config.CacheConfiguration - Cache 'testCache' is set to eternal but also has TTI/TTL set.  To avoid this warning, clean up the config removing conflicting values of eternal, TTI and TTL. Effective configuration for Cache 'testCache' will be eternal='true', timeToIdleSeconds='0', timeToLiveSeconds='0'.
2016-09-08 23:20:27.566 [main] DEBUG org.apache.ibatis.logging.LogFactory - Logging initialized using 'class org.apache.ibatis.logging.commons.JakartaCommonsLoggingImpl' adapter.
2016-09-08 23:20:27.814 [main] DEBUG org.apache.ibatis.io.VFS - Class not found: org.jboss.vfs.VFS
2016-09-08 23:20:27.814 [main] DEBUG org.apache.ibatis.io.JBoss6VFS - JBoss 6 VFS API is not available in this environment.
2016-09-08 23:20:27.816 [main] DEBUG org.apache.ibatis.io.VFS - Class not found: org.jboss.vfs.VirtualFile
2016-09-08 23:20:27.817 [main] DEBUG org.apache.ibatis.io.VFS - VFS implementation org.apache.ibatis.io.JBoss6VFS is not valid in this environment.
2016-09-08 23:20:27.818 [main] DEBUG org.apache.ibatis.io.VFS - Using VFS adapter org.apache.ibatis.io.DefaultVFS
2016-09-08 23:20:27.819 [main] DEBUG org.apache.ibatis.io.DefaultVFS - Find JAR URL: jar:file:/D:/work/maven/repo/com/xsoft/appdemo/app-java/1.0-SNAPSHOT/app-java-1.0-SNAPSHOT.jar!/com/xsoft/appdemo/model
2016-09-08 23:20:27.820 [main] DEBUG org.apache.ibatis.io.DefaultVFS - Inner URL: file:/D:/work/maven/repo/com/xsoft/appdemo/app-java/1.0-SNAPSHOT/app-java-1.0-SNAPSHOT.jar!/com/xsoft/appdemo/model
2016-09-08 23:20:27.820 [main] DEBUG org.apache.ibatis.io.DefaultVFS - Extracted JAR URL: file:/D:/work/maven/repo/com/xsoft/appdemo/app-java/1.0-SNAPSHOT/app-java-1.0-SNAPSHOT.jar
2016-09-08 23:20:27.820 [main] DEBUG org.apache.ibatis.io.DefaultVFS - Found JAR: file:/D:/work/maven/repo/com/xsoft/appdemo/app-java/1.0-SNAPSHOT/app-java-1.0-SNAPSHOT.jar
2016-09-08 23:20:27.821 [main] DEBUG org.apache.ibatis.io.DefaultVFS - Listing jar:file:/D:/work/maven/repo/com/xsoft/appdemo/app-java/1.0-SNAPSHOT/app-java-1.0-SNAPSHOT.jar!/com/xsoft/appdemo/model
2016-09-08 23:20:27.822 [main] DEBUG org.apache.ibatis.io.DefaultVFS - Found resource: /com/xsoft/appdemo/model/UserInfo.class
2016-09-08 23:20:27.824 [main] DEBUG org.apache.ibatis.io.ResolverUtil - Checking to see if class com.xsoft.appdemo.model.UserInfo matches criteria [is assignable to Object]
2016-09-08 23:20:28.272 [main] WARN  net.sf.ehcache.config.CacheConfiguration - Cache 'testCache' is set to eternal but also has TTI/TTL set.  To avoid this warning, clean up the config removing conflicting values of eternal, TTI and TTL. Effective configuration for Cache 'testCache' will be eternal='true', timeToIdleSeconds='0', timeToLiveSeconds='0'.
2016-09-08 23:20:28.654 [main] INFO  org.springframework.web.context.ContextLoader - Root WebApplicationContext: initialization completed in 2474 ms
2016-09-08 23:20:28.784 [main] INFO  org.springframework.web.servlet.DispatcherServlet - FrameworkServlet 'mvc-dispatcher': initialization started
2016-09-08 23:20:28.788 [main] INFO  o.s.web.context.support.XmlWebApplicationContext - Refreshing WebApplicationContext for namespace 'mvc-dispatcher-servlet': startup date [Thu Sep 08 23:20:28 CST 2016]; parent: Root WebApplicationContext
2016-09-08 23:20:28.789 [main] INFO  o.s.beans.factory.xml.XmlBeanDefinitionReader - Loading XML bean definitions from class path resource [spring/mvc-dispatcher-servlet.xml]
2016-09-08 23:20:28.879 [main] INFO  o.s.b.f.a.AutowiredAnnotationBeanPostProcessor - JSR-330 'javax.inject.Inject' annotation found and supported for autowiring
2016-09-08 23:20:28.985 [main] INFO  o.s.w.s.m.m.a.RequestMappingHandlerMapping - Mapped "{[/index]}" onto public java.lang.String com.xsoft.appdemo.controller.IndexController.index(org.springframework.ui.Model) throws java.lang.Exception
2016-09-08 23:20:28.988 [main] INFO  o.s.w.s.m.m.a.RequestMappingHandlerMapping - Mapped "{[/list1]}" onto public org.springframework.web.servlet.ModelAndView com.xsoft.appdemo.controller.UserController.list(javax.servlet.http.HttpServletRequest,javax.servlet.http.HttpServletResponse)
2016-09-08 23:20:28.988 [main] INFO  o.s.w.s.m.m.a.RequestMappingHandlerMapping - Mapped "{[/list_page]}" onto public org.springframework.web.servlet.ModelAndView com.xsoft.appdemo.controller.UserController.listPage(javax.servlet.http.HttpServletRequest,javax.servlet.http.HttpServletResponse)
2016-09-08 23:20:28.988 [main] INFO  o.s.w.s.m.m.a.RequestMappingHandlerMapping - Mapped "{[/xss_filter]}" onto public java.lang.Object com.xsoft.appdemo.controller.UserController.xssFilter(javax.servlet.http.HttpServletRequest,javax.servlet.http.HttpServletResponse)
2016-09-08 23:20:28.988 [main] INFO  o.s.w.s.m.m.a.RequestMappingHandlerMapping - Mapped "{[/list_json]}" onto public java.lang.Object com.xsoft.appdemo.controller.UserController.listJson(javax.servlet.http.HttpServletRequest,javax.servlet.http.HttpServletResponse)
2016-09-08 23:20:28.989 [main] INFO  o.s.w.s.m.m.a.RequestMappingHandlerMapping - Mapped "{[/xss_test]}" onto public org.springframework.web.servlet.ModelAndView com.xsoft.appdemo.controller.UserController.xssTest(javax.servlet.http.HttpServletRequest,javax.servlet.http.HttpServletResponse)
2016-09-08 23:20:29.273 [main] INFO  o.s.w.s.m.m.a.RequestMappingHandlerAdapter - Looking for @ControllerAdvice: WebApplicationContext for namespace 'mvc-dispatcher-servlet': startup date [Thu Sep 08 23:20:28 CST 2016]; parent: Root WebApplicationContext
2016-09-08 23:20:29.358 [main] INFO  o.s.web.servlet.handler.SimpleUrlHandlerMapping - Mapped URL path [/images/**] onto handler 'org.springframework.web.servlet.resource.ResourceHttpRequestHandler#0'
2016-09-08 23:20:29.377 [main] INFO  o.s.web.servlet.handler.SimpleUrlHandlerMapping - Mapped URL path [/js/**] onto handler 'org.springframework.web.servlet.resource.ResourceHttpRequestHandler#1'
2016-09-08 23:20:29.381 [main] INFO  o.s.web.servlet.handler.SimpleUrlHandlerMapping - Mapped URL path [/css/**] onto handler 'org.springframework.web.servlet.resource.ResourceHttpRequestHandler#2'
2016-09-08 23:20:29.475 [main] INFO  org.springframework.web.servlet.DispatcherServlet - FrameworkServlet 'mvc-dispatcher': initialization completed in 691 ms
